Updating (thegnome):
@ updating....

@ updating.....
    pulumi:pulumi:Stack sst-web3-boilerplate-thegnome running OutputImpl {
    pulumi:pulumi:Stack sst-web3-boilerplate-thegnome running   __pulumiOutput: true,
    pulumi:pulumi:Stack sst-web3-boilerplate-thegnome running   resources: [Function (anonymous)],
    pulumi:pulumi:Stack sst-web3-boilerplate-thegnome running   allResources: [Function (anonymous)],
    pulumi:pulumi:Stack sst-web3-boilerplate-thegnome running   isKnown: Promise { <pending> },
    pulumi:pulumi:Stack sst-web3-boilerplate-thegnome running   isSecret: Promise { <pending> },
    pulumi:pulumi:Stack sst-web3-boilerplate-thegnome running   promise: [Function (anonymous)],
    pulumi:pulumi:Stack sst-web3-boilerplate-thegnome running   toString: [Function (anonymous)],
    pulumi:pulumi:Stack sst-web3-boilerplate-thegnome running   toJSON: [Function (anonymous)]
    pulumi:pulumi:Stack sst-web3-boilerplate-thegnome running }
@ updating.....
 -  aws:s3:BucketPolicy FrontendAssetsPolicy deleting (0s) 
@ updating....
 -  aws:s3:BucketPolicy FrontendAssetsPolicy deleted (0.33s) 
 -  aws:s3:BucketCorsConfigurationV2 FrontendAssetsCors deleting (0s) 
 -  aws:s3:BucketPublicAccessBlock FrontendAssetsPublicAccessBlock deleting (0s) 
 -  aws:s3:BucketCorsConfigurationV2 FrontendAssetsCors deleted (0.15s) 
@ updating....
 -  aws:s3:BucketPublicAccessBlock FrontendAssetsPublicAccessBlock deleted (0.81s) 
 -  pulumi-nodejs:dynamic:Resource FrontendS3AccessControl.sst.aws.OriginAccessControl deleting (0s) 
 -  aws:s3:BucketV2 FrontendAssetsBucket deleting (0s) 
 -  aws:s3:BucketV2 FrontendAssetsBucket deleted (0.24s) 
 -  pulumi-nodejs:dynamic:Resource FrontendS3AccessControl.sst.aws.OriginAccessControl deleted (0.45s) 
 -  sst:aws:Bucket FrontendAssets deleting (0s) 
    pulumi:pulumi:Stack sst-web3-boilerplate-thegnome  10 messages
Diagnostics:
  pulumi:pulumi:Stack (sst-web3-boilerplate-thegnome):
    OutputImpl {
      __pulumiOutput: true,
      resources: [Function (anonymous)],
      allResources: [Function (anonymous)],
      isKnown: Promise { <pending> },
      isSecret: Promise { <pending> },
      promise: [Function (anonymous)],
      toString: [Function (anonymous)],
      toJSON: [Function (anonymous)]
    }

Outputs:
    _protect: false

Resources:
    - 6 deleted
    11 unchanged

Duration: 7s

