time=2025-03-01T03:38:08.432-07:00 level=INFO msg="checking for pulumi" path=/home/thegnome/.config/sst/bin/pulumi
time=2025-03-01T03:38:09.020-07:00 level=INFO msg="checking for bun" path=/home/thegnome/.config/sst/bin/bun
time=2025-03-01T03:38:09.036-07:00 level=INFO msg="initializing project" version=3.9.10
time=2025-03-01T03:38:09.037-07:00 level=INFO msg="esbuild building" out=/home/thegnome/cryptoTIme/sst-web3-boilerplate/.sst/platform/sst.config.1740825489037.mjs
time=2025-03-01T03:38:09.045-07:00 level=INFO msg="esbuild built" outfile=/home/thegnome/cryptoTIme/sst-web3-boilerplate/.sst/platform/sst.config.1740825489037.mjs
time=2025-03-01T03:38:09.045-07:00 level=INFO msg="evaluating config"
time=2025-03-01T03:38:09.073-07:00 level=INFO msg="config evaluated"
time=2025-03-01T03:38:09.075-07:00 level=INFO msg="checking platform"
time=2025-03-01T03:38:09.075-07:00 level=INFO msg="loading home"
time=2025-03-01T03:38:09.085-07:00 level=INFO msg="aws credentials found" region=us-east-1 profile=""
time=2025-03-01T03:38:09.085-07:00 level=INFO msg="fetching bootstrap"
time=2025-03-01T03:38:09.315-07:00 level=INFO msg="found existing bootstrap" data="{\"version\":5,\"asset\":\"sst-asset-ruzwrcekfzsm\",\"assetEcrRegistryId\":\"767397930251\",\"assetEcrUrl\":\"767397930251.dkr.ecr.us-east-1.amazonaws.com/sst-asset\",\"state\":\"sst-state-ruzwrcekfzsm\",\"appsyncHttp\":\"\",\"appsyncRealtime\":\"\"}"
time=2025-03-01T03:38:09.315-07:00 level=INFO msg="loaded config" app=sst-web3-boilerplate stage=thegnome
time=2025-03-01T03:38:09.315-07:00 level=INFO msg=mosaic project=/home/thegnome/cryptoTIme/sst-web3-boilerplate
time=2025-03-01T03:38:09.315-07:00 level=INFO msg="server port assigned" port=13557
time=2025-03-01T03:38:09.315-07:00 level=INFO msg="starting watcher" service=watcher root=/home/thegnome/cryptoTIme/sst-web3-boilerplate
time=2025-03-01T03:38:09.315-07:00 level=INFO msg=watching service=watcher path=/home/thegnome/cryptoTIme/sst-web3-boilerplate
time=2025-03-01T03:38:09.315-07:00 level=INFO msg=watching service=watcher path=/home/thegnome/cryptoTIme/sst-web3-boilerplate/abi
time=2025-03-01T03:38:09.315-07:00 level=INFO msg=watching service=watcher path=/home/thegnome/cryptoTIme/sst-web3-boilerplate/frontend
time=2025-03-01T03:38:09.315-07:00 level=INFO msg=watching service=watcher path=/home/thegnome/cryptoTIme/sst-web3-boilerplate/frontend/abi
time=2025-03-01T03:38:09.315-07:00 level=INFO msg=watching service=watcher path=/home/thegnome/cryptoTIme/sst-web3-boilerplate/frontend/app
time=2025-03-01T03:38:09.315-07:00 level=INFO msg=watching service=watcher path=/home/thegnome/cryptoTIme/sst-web3-boilerplate/frontend/app/create-market
time=2025-03-01T03:38:09.315-07:00 level=INFO msg=watching service=watcher path=/home/thegnome/cryptoTIme/sst-web3-boilerplate/frontend/app/market-summary
time=2025-03-01T03:38:09.315-07:00 level=INFO msg=watching service=watcher path=/home/thegnome/cryptoTIme/sst-web3-boilerplate/frontend/app/prediction-market
time=2025-03-01T03:38:09.315-07:00 level=INFO msg=watching service=watcher path=/home/thegnome/cryptoTIme/sst-web3-boilerplate/frontend/components
time=2025-03-01T03:38:09.316-07:00 level=INFO msg=watching service=watcher path=/home/thegnome/cryptoTIme/sst-web3-boilerplate/frontend/components/ui
time=2025-03-01T03:38:09.316-07:00 level=INFO msg=watching service=watcher path=/home/thegnome/cryptoTIme/sst-web3-boilerplate/frontend/config
time=2025-03-01T03:38:09.316-07:00 level=INFO msg=watching service=watcher path=/home/thegnome/cryptoTIme/sst-web3-boilerplate/frontend/context
time=2025-03-01T03:38:09.316-07:00 level=INFO msg=watching service=watcher path=/home/thegnome/cryptoTIme/sst-web3-boilerplate/frontend/hooks
time=2025-03-01T03:38:09.316-07:00 level=INFO msg=watching service=watcher path=/home/thegnome/cryptoTIme/sst-web3-boilerplate/frontend/lib
time=2025-03-01T03:38:09.316-07:00 level=INFO msg=watching service=watcher path=/home/thegnome/cryptoTIme/sst-web3-boilerplate/frontend/public
time=2025-03-01T03:38:09.316-07:00 level=INFO msg=watching service=watcher path=/home/thegnome/cryptoTIme/sst-web3-boilerplate/frontend/src
time=2025-03-01T03:38:09.316-07:00 level=INFO msg=watching service=watcher path=/home/thegnome/cryptoTIme/sst-web3-boilerplate/infra
time=2025-03-01T03:38:09.317-07:00 level=INFO msg="getting endpoint"
time=2025-03-01T03:38:09.317-07:00 level=INFO msg=starting service=deployer
time=2025-03-01T03:38:09.317-07:00 level=INFO msg="waiting for trigger" service=deployer
time=2025-03-01T03:38:09.317-07:00 level=INFO msg=starting service=server
time=2025-03-01T03:38:09.317-07:00 level=INFO msg=starting service=dev
time=2025-03-01T03:38:09.318-07:00 level=INFO msg=resize
time=2025-03-01T03:38:09.318-07:00 level=INFO msg=server service=server addr=0.0.0.0:13557
time=2025-03-01T03:38:09.772-07:00 level=INFO msg="found appsync" rest=hwk73njkzvef3gpawjdvhyd7q4.appsync-api.us-east-1.amazonaws.com realtime=hwk73njkzvef3gpawjdvhyd7q4.appsync-realtime-api.us-east-1.amazonaws.com
time=2025-03-01T03:38:09.772-07:00 level=INFO msg="checking if appsync is ready"
time=2025-03-01T03:38:10.006-07:00 level=INFO msg="INFO connecting service=appsync.connection"
time=2025-03-01T03:38:10.041-07:00 level=INFO msg=subscribed service=dev addr=127.0.0.1:40272
time=2025-03-01T03:38:10.044-07:00 level=INFO msg=subscribed service=dev addr=127.0.0.1:40274
time=2025-03-01T03:38:10.045-07:00 level=INFO msg="deploy requested" service=dev
time=2025-03-01T03:38:10.045-07:00 level=INFO msg=deploying service=deployer
time=2025-03-01T03:38:10.045-07:00 level=INFO msg="running stack command" service=project.run cmd=deploy
time=2025-03-01T03:38:10.045-07:00 level=INFO msg="INFO locking app=sst-web3-boilerplate stage=thegnome"
time=2025-03-01T03:38:10.045-07:00 level=INFO msg="INFO getting data key=lock app=sst-web3-boilerplate stage=thegnome"
time=2025-03-01T03:38:10.303-07:00 level=INFO msg="INFO connect message service=appsync.connection msg=\"map[connectionTimeoutMs:300000 type:connection_ack]\""
time=2025-03-01T03:38:10.303-07:00 level=INFO msg="subscribing to" prefix=/sst/sst-web3-boilerplate/thegnome/in
time=2025-03-01T03:38:10.304-07:00 level=INFO msg="INFO msg service=appsync.connection type=ka id=<nil>"
time=2025-03-01T03:38:10.490-07:00 level=INFO msg="INFO putting update app=sst-web3-boilerplate stage=thegnome"
time=2025-03-01T03:38:10.644-07:00 level=INFO msg="INFO msg service=appsync.connection type=subscribe_success id=01955148f37f744215bc374b"
time=2025-03-01T03:38:10.644-07:00 level=INFO msg="INFO subscribed service=appsync.connection channel=/sst/sst-web3-boilerplate/thegnome/in id=01955148f37f744215bc374b"
time=2025-03-01T03:38:10.644-07:00 level=INFO msg=starting service=aws.task
time=2025-03-01T03:38:10.706-07:00 level=INFO msg="INFO getting passphrase app=sst-web3-boilerplate stage=thegnome"
time=2025-03-01T03:38:10.961-07:00 level=INFO msg="INFO pulling state app=sst-web3-boilerplate stage=thegnome out=/home/thegnome/cryptoTIme/sst-web3-boilerplate/.sst/pulumi/fe6aaeb70d8263c547c79333/.pulumi/stacks/sst-web3-boilerplate/thegnome.json"
time=2025-03-01T03:38:11.357-07:00 level=INFO msg="got previous deployment" service=project.run updateID=fe6aaeb70d8263c547c79333
time=2025-03-01T03:38:11.357-07:00 level=INFO msg="esbuild building" out=/home/thegnome/cryptoTIme/sst-web3-boilerplate/.sst/platform/sst.config.1740825490960.mjs
time=2025-03-01T03:38:11.470-07:00 level=INFO msg="esbuild built" outfile=/home/thegnome/cryptoTIme/sst-web3-boilerplate/.sst/platform/sst.config.1740825490960.mjs
time=2025-03-01T03:38:11.475-07:00 level=INFO msg="built sst.config.ts" service=project.run updateID=fe6aaeb70d8263c547c79333 to=/home/thegnome/cryptoTIme/sst-web3-boilerplate/.sst/platform/sst.config.1740825490960.mjs
time=2025-03-01T03:38:11.478-07:00 level=INFO msg="tracked files" service=project.run updateID=fe6aaeb70d8263c547c79333
time=2025-03-01T03:38:11.478-07:00 level=INFO msg="INFO getting data key=secret app=sst-web3-boilerplate stage=_fallback"
time=2025-03-01T03:38:11.478-07:00 level=INFO msg="INFO getting data key=secret app=sst-web3-boilerplate stage=thegnome"
time=2025-03-01T03:38:11.673-07:00 level=INFO msg="INFO getting passphrase app=sst-web3-boilerplate stage=thegnome"
time=2025-03-01T03:38:11.903-07:00 level=INFO msg="starting pulumi" service=project.run updateID=fe6aaeb70d8263c547c79333 args="[/home/thegnome/.config/sst/bin/pulumi up --yes -f --stack organization/sst-web3-boilerplate/thegnome --non-interactive --event-log /home/thegnome/cryptoTIme/sst-web3-boilerplate/.sst/pulumi/fe6aaeb70d8263c547c79333/eventlog.json --config aws:defaultTags={\"tags\":{\"sst:app\":\"sst-web3-boilerplate\",\"sst:stage\":\"thegnome\"}} --config aws:region=us-east-1]"
time=2025-03-01T03:38:12.084-07:00 level=INFO msg=subscribed service=dev addr=127.0.0.1:40298
time=2025-03-01T03:38:12.086-07:00 level=INFO msg="matching dev" service=dev full=/home/thegnome/cryptoTIme/sst-web3-boilerplate/frontend directory=""
time=2025-03-01T03:38:12.086-07:00 level=INFO msg="loading aws credentials" service=project.env resource=Frontend role=arn:aws:iam::767397930251:role/sst-web3-boilerplate-thegnome-FrontendDevServerRole-wsdouaho
time=2025-03-01T03:38:12.318-07:00 level=ERROR msg="failed to load aws credentials" service=project.env resource=Frontend err=<nil>
time=2025-03-01T03:38:12.318-07:00 level=INFO msg=dev service=project.env resource=Frontend links=[REOWN_PROJECT_ID]
time=2025-03-01T03:38:16.904-07:00 level=INFO msg="INFO pushing partial state updateID=fe6aaeb70d8263c547c79333"
time=2025-03-01T03:38:17.893-07:00 level=INFO msg="ignoring file event" service=watcher path=/home/thegnome/cryptoTIme/sst-web3-boilerplate/frontend/abi op=RENAME
time=2025-03-01T03:38:17.893-07:00 level=INFO msg="ignoring file event" service=watcher path=/home/thegnome/cryptoTIme/sst-web3-boilerplate/frontend/abi op=RENAME
time=2025-03-01T03:38:19.299-07:00 level=INFO msg="rpc request" method=POST url=/rpc
time=2025-03-01T03:38:19.504-07:00 level=INFO msg="rpc request" method=POST url=/rpc
time=2025-03-01T03:38:19.505-07:00 level=INFO msg="building function" runtime=nodejs20.x functionID=FrontendDevServer
time=2025-03-01T03:38:19.505-07:00 level=INFO msg="function built" runtime=nodejs20.x functionID=FrontendDevServer
time=2025-03-01T03:38:19.623-07:00 level=INFO msg="rpc request" method=POST url=/rpc
time=2025-03-01T03:38:19.724-07:00 level=INFO msg="pulumi exited" service=project.run updateID=fe6aaeb70d8263c547c79333 err=<nil>
time=2025-03-01T03:38:19.724-07:00 level=INFO msg="eof and exited" service=project.run updateID=fe6aaeb70d8263c547c79333 eofs=0
time=2025-03-01T03:38:19.725-07:00 level=INFO msg="eof and exited" service=project.run updateID=fe6aaeb70d8263c547c79333 eofs=1
time=2025-03-01T03:38:19.725-07:00 level=INFO msg="breaking out of tail loop" service=project.run updateID=fe6aaeb70d8263c547c79333
time=2025-03-01T03:38:19.725-07:00 level=INFO msg="parsing state" service=project.run updateID=fe6aaeb70d8263c547c79333
time=2025-03-01T03:38:19.725-07:00 level=INFO msg="INFO pushing partial state updateID=fe6aaeb70d8263c547c79333"
time=2025-03-01T03:38:19.896-07:00 level=INFO msg="generating types" root=/home/thegnome/cryptoTIme/sst-web3-boilerplate
time=2025-03-01T03:38:19.896-07:00 level=INFO msg="file event" service=watcher path=/home/thegnome/cryptoTIme/sst-web3-boilerplate/frontend/sst-env.d.ts op=WRITE
time=2025-03-01T03:38:19.896-07:00 level=INFO msg="file event" service=watcher path=/home/thegnome/cryptoTIme/sst-web3-boilerplate/frontend/sst-env.d.ts op=WRITE
time=2025-03-01T03:38:19.897-07:00 level=INFO msg="file event" service=watcher path=/home/thegnome/cryptoTIme/sst-web3-boilerplate/frontend/sst-env.d.ts op=WRITE
time=2025-03-01T03:38:19.897-07:00 level=INFO msg="file event" service=watcher path=/home/thegnome/cryptoTIme/sst-web3-boilerplate/sst-env.d.ts op=WRITE
time=2025-03-01T03:38:19.897-07:00 level=INFO msg="checking if code needs to be rebuilt" service=aws.function file=/home/thegnome/cryptoTIme/sst-web3-boilerplate/frontend/sst-env.d.ts
time=2025-03-01T03:38:19.897-07:00 level=INFO msg="checking if code needs to be rebuilt" service=aws.function file=/home/thegnome/cryptoTIme/sst-web3-boilerplate/sst-env.d.ts
time=2025-03-01T03:38:19.897-07:00 level=INFO msg="file event" service=watcher path=/home/thegnome/cryptoTIme/sst-web3-boilerplate/sst-env.d.ts op=WRITE
time=2025-03-01T03:38:19.897-07:00 level=INFO msg="file event" service=watcher path=/home/thegnome/cryptoTIme/sst-web3-boilerplate/sst-env.d.ts op=WRITE
time=2025-03-01T03:38:19.897-07:00 level=INFO msg="file event" service=watcher path=/home/thegnome/cryptoTIme/sst-web3-boilerplate/sst-env.d.ts op=WRITE
time=2025-03-01T03:38:19.897-07:00 level=INFO msg="file event" service=watcher path=/home/thegnome/cryptoTIme/sst-web3-boilerplate/frontend/sst-env.d.ts op=WRITE
time=2025-03-01T03:38:19.897-07:00 level=INFO msg="canceling partial" service=project.run updateID=fe6aaeb70d8263c547c79333
time=2025-03-01T03:38:19.897-07:00 level=INFO msg="waiting for partial to exit" service=project.run updateID=fe6aaeb70d8263c547c79333
time=2025-03-01T03:38:19.973-07:00 level=INFO msg="INFO pushing eventlog updateID=fe6aaeb70d8263c547c79333"
time=2025-03-01T03:38:19.973-07:00 level=INFO msg="INFO pushing snapshot updateID=fe6aaeb70d8263c547c79333"
time=2025-03-01T03:38:20.304-07:00 level=INFO msg="INFO putting update app=sst-web3-boilerplate stage=thegnome"
time=2025-03-01T03:38:20.569-07:00 level=INFO msg="done running stack command" service=project.run updateID=fe6aaeb70d8263c547c79333
time=2025-03-01T03:38:20.570-07:00 level=INFO msg="INFO unlocking app=sst-web3-boilerplate stage=thegnome"
time=2025-03-01T03:38:20.571-07:00 level=INFO msg="matching dev" service=dev full=/home/thegnome/cryptoTIme/sst-web3-boilerplate/frontend directory=""
time=2025-03-01T03:38:20.571-07:00 level=INFO msg="loading aws credentials" service=project.env resource=Frontend role=arn:aws:iam::767397930251:role/sst-web3-boilerplate-thegnome-FrontendDevServerRole-wsdouaho
time=2025-03-01T03:38:20.602-07:00 level=INFO msg="file event" service=watcher path=/home/thegnome/cryptoTIme/sst-web3-boilerplate/frontend/abi op=CREATE
time=2025-03-01T03:38:20.602-07:00 level=INFO msg="checking if code needs to be rebuilt" service=aws.function file=/home/thegnome/cryptoTIme/sst-web3-boilerplate/frontend/abi
time=2025-03-01T03:38:20.798-07:00 level=INFO msg="waiting for trigger" service=deployer
time=2025-03-01T03:38:20.798-07:00 level=INFO msg="build hash" service=deployer hash=iXZLsTKOld0
time=2025-03-01T03:38:20.798-07:00 level=INFO msg="waiting for trigger" service=deployer
time=2025-03-01T03:38:20.798-07:00 level=INFO msg="waiting for trigger" service=deployer
time=2025-03-01T03:38:20.798-07:00 level=INFO msg="waiting for trigger" service=deployer
time=2025-03-01T03:38:20.798-07:00 level=INFO msg="waiting for trigger" service=deployer
time=2025-03-01T03:38:20.802-07:00 level=ERROR msg="failed to load aws credentials" service=project.env resource=Frontend err=<nil>
time=2025-03-01T03:38:20.802-07:00 level=INFO msg=dev service=project.env resource=Frontend links=[REOWN_PROJECT_ID]
time=2025-03-01T03:39:10.257-07:00 level=INFO msg="INFO msg service=appsync.connection type=ka id=<nil>"
time=2025-03-01T03:39:35.786-07:00 level=INFO msg="file event" service=watcher path=/home/thegnome/cryptoTIme/sst-web3-boilerplate/frontend/hooks/useEncryption.ts op=WRITE
time=2025-03-01T03:39:35.786-07:00 level=INFO msg="checking if code needs to be rebuilt" service=aws.function file=/home/thegnome/cryptoTIme/sst-web3-boilerplate/frontend/hooks/useEncryption.ts
time=2025-03-01T03:39:35.786-07:00 level=INFO msg="waiting for trigger" service=deployer
time=2025-03-01T03:39:35.786-07:00 level=INFO msg="file event" service=watcher path=/home/thegnome/cryptoTIme/sst-web3-boilerplate/frontend/hooks/useEncryption.ts op=WRITE
time=2025-03-01T03:39:39.238-07:00 level=INFO msg="file event" service=watcher path=/home/thegnome/cryptoTIme/sst-web3-boilerplate/frontend/hooks/useEncryption.ts op=WRITE
time=2025-03-01T03:39:39.238-07:00 level=INFO msg="waiting for trigger" service=deployer
time=2025-03-01T03:39:39.238-07:00 level=INFO msg="checking if code needs to be rebuilt" service=aws.function file=/home/thegnome/cryptoTIme/sst-web3-boilerplate/frontend/hooks/useEncryption.ts
time=2025-03-01T03:39:39.238-07:00 level=INFO msg="file event" service=watcher path=/home/thegnome/cryptoTIme/sst-web3-boilerplate/frontend/hooks/useEncryption.ts op=WRITE
time=2025-03-01T03:39:51.867-07:00 level=INFO msg="file event" service=watcher path=/home/thegnome/cryptoTIme/sst-web3-boilerplate/frontend/hooks/useEncryption.ts op=WRITE
time=2025-03-01T03:39:51.867-07:00 level=INFO msg="waiting for trigger" service=deployer
time=2025-03-01T03:39:51.867-07:00 level=INFO msg="checking if code needs to be rebuilt" service=aws.function file=/home/thegnome/cryptoTIme/sst-web3-boilerplate/frontend/hooks/useEncryption.ts
time=2025-03-01T03:39:51.867-07:00 level=INFO msg="file event" service=watcher path=/home/thegnome/cryptoTIme/sst-web3-boilerplate/frontend/hooks/useEncryption.ts op=WRITE
time=2025-03-01T03:40:02.662-07:00 level=INFO msg="file event" service=watcher path=/home/thegnome/cryptoTIme/sst-web3-boilerplate/frontend/hooks/useEncryption.ts op=WRITE
time=2025-03-01T03:40:02.662-07:00 level=INFO msg="waiting for trigger" service=deployer
time=2025-03-01T03:40:02.662-07:00 level=INFO msg="checking if code needs to be rebuilt" service=aws.function file=/home/thegnome/cryptoTIme/sst-web3-boilerplate/frontend/hooks/useEncryption.ts
time=2025-03-01T03:40:02.662-07:00 level=INFO msg="file event" service=watcher path=/home/thegnome/cryptoTIme/sst-web3-boilerplate/frontend/hooks/useEncryption.ts op=WRITE
time=2025-03-01T03:40:03.931-07:00 level=INFO msg="file event" service=watcher path=/home/thegnome/cryptoTIme/sst-web3-boilerplate/frontend/hooks/useEncryption.ts op=WRITE
time=2025-03-01T03:40:03.931-07:00 level=INFO msg="waiting for trigger" service=deployer
time=2025-03-01T03:40:03.931-07:00 level=INFO msg="checking if code needs to be rebuilt" service=aws.function file=/home/thegnome/cryptoTIme/sst-web3-boilerplate/frontend/hooks/useEncryption.ts
time=2025-03-01T03:40:03.931-07:00 level=INFO msg="file event" service=watcher path=/home/thegnome/cryptoTIme/sst-web3-boilerplate/frontend/hooks/useEncryption.ts op=WRITE
time=2025-03-01T03:40:06.231-07:00 level=INFO msg="file event" service=watcher path=/home/thegnome/cryptoTIme/sst-web3-boilerplate/frontend/hooks/useEncryption.ts op=WRITE
time=2025-03-01T03:40:06.231-07:00 level=INFO msg="waiting for trigger" service=deployer
time=2025-03-01T03:40:06.231-07:00 level=INFO msg="checking if code needs to be rebuilt" service=aws.function file=/home/thegnome/cryptoTIme/sst-web3-boilerplate/frontend/hooks/useEncryption.ts
time=2025-03-01T03:40:06.231-07:00 level=INFO msg="file event" service=watcher path=/home/thegnome/cryptoTIme/sst-web3-boilerplate/frontend/hooks/useEncryption.ts op=WRITE
time=2025-03-01T03:40:10.257-07:00 level=INFO msg="INFO msg service=appsync.connection type=ka id=<nil>"
time=2025-03-01T03:41:10.258-07:00 level=INFO msg="INFO msg service=appsync.connection type=ka id=<nil>"
time=2025-03-01T03:42:10.258-07:00 level=INFO msg="INFO msg service=appsync.connection type=ka id=<nil>"
time=2025-03-01T03:43:10.258-07:00 level=INFO msg="INFO msg service=appsync.connection type=ka id=<nil>"
time=2025-03-01T03:44:10.246-07:00 level=INFO msg="INFO msg service=appsync.connection type=ka id=<nil>"
time=2025-03-01T03:45:10.258-07:00 level=INFO msg="INFO msg service=appsync.connection type=ka id=<nil>"
time=2025-03-01T03:46:10.258-07:00 level=INFO msg="INFO msg service=appsync.connection type=ka id=<nil>"
time=2025-03-01T03:47:10.259-07:00 level=INFO msg="INFO msg service=appsync.connection type=ka id=<nil>"
time=2025-03-01T03:48:10.258-07:00 level=INFO msg="INFO msg service=appsync.connection type=ka id=<nil>"
time=2025-03-01T03:49:10.258-07:00 level=INFO msg="INFO msg service=appsync.connection type=ka id=<nil>"
time=2025-03-01T03:49:58.904-07:00 level=INFO msg="file event" service=watcher path=/home/thegnome/cryptoTIme/sst-web3-boilerplate/frontend/app/market-summary/page.tsx op=WRITE
time=2025-03-01T03:49:58.904-07:00 level=INFO msg="waiting for trigger" service=deployer
time=2025-03-01T03:49:58.904-07:00 level=INFO msg="checking if code needs to be rebuilt" service=aws.function file=/home/thegnome/cryptoTIme/sst-web3-boilerplate/frontend/app/market-summary/page.tsx
time=2025-03-01T03:49:58.904-07:00 level=INFO msg="file event" service=watcher path=/home/thegnome/cryptoTIme/sst-web3-boilerplate/frontend/app/market-summary/page.tsx op=WRITE
time=2025-03-01T03:50:10.260-07:00 level=INFO msg="INFO msg service=appsync.connection type=ka id=<nil>"
time=2025-03-01T03:50:17.033-07:00 level=INFO msg="file event" service=watcher path=/home/thegnome/cryptoTIme/sst-web3-boilerplate/frontend/app/market-summary/page.tsx op=WRITE
time=2025-03-01T03:50:17.033-07:00 level=INFO msg="waiting for trigger" service=deployer
time=2025-03-01T03:50:17.033-07:00 level=INFO msg="checking if code needs to be rebuilt" service=aws.function file=/home/thegnome/cryptoTIme/sst-web3-boilerplate/frontend/app/market-summary/page.tsx
time=2025-03-01T03:50:17.034-07:00 level=INFO msg="file event" service=watcher path=/home/thegnome/cryptoTIme/sst-web3-boilerplate/frontend/app/market-summary/page.tsx op=WRITE
time=2025-03-01T03:51:08.133-07:00 level=INFO msg="file event" service=watcher path=/home/thegnome/cryptoTIme/sst-web3-boilerplate/frontend/app/market-summary/page.tsx op=WRITE
time=2025-03-01T03:51:08.133-07:00 level=INFO msg="waiting for trigger" service=deployer
time=2025-03-01T03:51:08.133-07:00 level=INFO msg="checking if code needs to be rebuilt" service=aws.function file=/home/thegnome/cryptoTIme/sst-web3-boilerplate/frontend/app/market-summary/page.tsx
time=2025-03-01T03:51:08.133-07:00 level=INFO msg="file event" service=watcher path=/home/thegnome/cryptoTIme/sst-web3-boilerplate/frontend/app/market-summary/page.tsx op=WRITE
time=2025-03-01T03:51:10.259-07:00 level=INFO msg="INFO msg service=appsync.connection type=ka id=<nil>"
time=2025-03-01T03:51:13.436-07:00 level=INFO msg="file event" service=watcher path=/home/thegnome/cryptoTIme/sst-web3-boilerplate/frontend/app/market-summary/page.tsx op=WRITE
time=2025-03-01T03:51:13.436-07:00 level=INFO msg="waiting for trigger" service=deployer
time=2025-03-01T03:51:13.436-07:00 level=INFO msg="checking if code needs to be rebuilt" service=aws.function file=/home/thegnome/cryptoTIme/sst-web3-boilerplate/frontend/app/market-summary/page.tsx
time=2025-03-01T03:51:13.436-07:00 level=INFO msg="file event" service=watcher path=/home/thegnome/cryptoTIme/sst-web3-boilerplate/frontend/app/market-summary/page.tsx op=WRITE
time=2025-03-01T03:51:38.426-07:00 level=INFO msg="file event" service=watcher path=/home/thegnome/cryptoTIme/sst-web3-boilerplate/frontend/app/market-summary/page.tsx op=WRITE
time=2025-03-01T03:51:38.426-07:00 level=INFO msg="waiting for trigger" service=deployer
time=2025-03-01T03:51:38.426-07:00 level=INFO msg="checking if code needs to be rebuilt" service=aws.function file=/home/thegnome/cryptoTIme/sst-web3-boilerplate/frontend/app/market-summary/page.tsx
time=2025-03-01T03:51:38.426-07:00 level=INFO msg="file event" service=watcher path=/home/thegnome/cryptoTIme/sst-web3-boilerplate/frontend/app/market-summary/page.tsx op=WRITE
time=2025-03-01T03:51:57.591-07:00 level=INFO msg="file event" service=watcher path=/home/thegnome/cryptoTIme/sst-web3-boilerplate/frontend/app/market-summary/page.tsx op=WRITE
time=2025-03-01T03:51:57.591-07:00 level=INFO msg="waiting for trigger" service=deployer
time=2025-03-01T03:51:57.591-07:00 level=INFO msg="checking if code needs to be rebuilt" service=aws.function file=/home/thegnome/cryptoTIme/sst-web3-boilerplate/frontend/app/market-summary/page.tsx
time=2025-03-01T03:51:57.591-07:00 level=INFO msg="file event" service=watcher path=/home/thegnome/cryptoTIme/sst-web3-boilerplate/frontend/app/market-summary/page.tsx op=WRITE
time=2025-03-01T03:52:05.191-07:00 level=INFO msg="file event" service=watcher path=/home/thegnome/cryptoTIme/sst-web3-boilerplate/frontend/app/market-summary/page.tsx op=WRITE
time=2025-03-01T03:52:05.191-07:00 level=INFO msg="waiting for trigger" service=deployer
time=2025-03-01T03:52:05.191-07:00 level=INFO msg="checking if code needs to be rebuilt" service=aws.function file=/home/thegnome/cryptoTIme/sst-web3-boilerplate/frontend/app/market-summary/page.tsx
time=2025-03-01T03:52:05.191-07:00 level=INFO msg="file event" service=watcher path=/home/thegnome/cryptoTIme/sst-web3-boilerplate/frontend/app/market-summary/page.tsx op=WRITE
time=2025-03-01T03:52:10.259-07:00 level=INFO msg="INFO msg service=appsync.connection type=ka id=<nil>"
time=2025-03-01T03:53:10.259-07:00 level=INFO msg="INFO msg service=appsync.connection type=ka id=<nil>"
time=2025-03-01T03:53:47.336-07:00 level=INFO msg="file event" service=watcher path=/home/thegnome/cryptoTIme/sst-web3-boilerplate/frontend/hooks/useMarketCreation.ts op=WRITE
time=2025-03-01T03:53:47.336-07:00 level=INFO msg="file event" service=watcher path=/home/thegnome/cryptoTIme/sst-web3-boilerplate/frontend/hooks/useMarketCreation.ts op=WRITE
time=2025-03-01T03:53:47.336-07:00 level=INFO msg="waiting for trigger" service=deployer
time=2025-03-01T03:53:47.336-07:00 level=INFO msg="checking if code needs to be rebuilt" service=aws.function file=/home/thegnome/cryptoTIme/sst-web3-boilerplate/frontend/hooks/useMarketCreation.ts
time=2025-03-01T03:53:51.501-07:00 level=INFO msg="file event" service=watcher path=/home/thegnome/cryptoTIme/sst-web3-boilerplate/frontend/app/market-summary/page.tsx op=WRITE
time=2025-03-01T03:53:51.501-07:00 level=INFO msg="waiting for trigger" service=deployer
time=2025-03-01T03:53:51.501-07:00 level=INFO msg="checking if code needs to be rebuilt" service=aws.function file=/home/thegnome/cryptoTIme/sst-web3-boilerplate/frontend/app/market-summary/page.tsx
time=2025-03-01T03:53:51.501-07:00 level=INFO msg="file event" service=watcher path=/home/thegnome/cryptoTIme/sst-web3-boilerplate/frontend/app/market-summary/page.tsx op=WRITE
time=2025-03-01T03:54:00.727-07:00 level=INFO msg="file event" service=watcher path=/home/thegnome/cryptoTIme/sst-web3-boilerplate/frontend/app/market-summary/page.tsx op=WRITE
time=2025-03-01T03:54:00.727-07:00 level=INFO msg="waiting for trigger" service=deployer
time=2025-03-01T03:54:00.727-07:00 level=INFO msg="checking if code needs to be rebuilt" service=aws.function file=/home/thegnome/cryptoTIme/sst-web3-boilerplate/frontend/app/market-summary/page.tsx
time=2025-03-01T03:54:00.728-07:00 level=INFO msg="file event" service=watcher path=/home/thegnome/cryptoTIme/sst-web3-boilerplate/frontend/app/market-summary/page.tsx op=WRITE
time=2025-03-01T03:54:10.259-07:00 level=INFO msg="INFO msg service=appsync.connection type=ka id=<nil>"
time=2025-03-01T03:54:15.117-07:00 level=INFO msg="file event" service=watcher path=/home/thegnome/cryptoTIme/sst-web3-boilerplate/frontend/hooks/useEncryption.ts op=WRITE
time=2025-03-01T03:54:15.117-07:00 level=INFO msg="file event" service=watcher path=/home/thegnome/cryptoTIme/sst-web3-boilerplate/frontend/hooks/useEncryption.ts op=WRITE
time=2025-03-01T03:54:15.117-07:00 level=INFO msg="waiting for trigger" service=deployer
time=2025-03-01T03:54:15.117-07:00 level=INFO msg="checking if code needs to be rebuilt" service=aws.function file=/home/thegnome/cryptoTIme/sst-web3-boilerplate/frontend/hooks/useEncryption.ts
time=2025-03-01T03:54:17.284-07:00 level=INFO msg="file event" service=watcher path=/home/thegnome/cryptoTIme/sst-web3-boilerplate/frontend/hooks/useEncryption.ts op=WRITE
time=2025-03-01T03:54:17.284-07:00 level=INFO msg="file event" service=watcher path=/home/thegnome/cryptoTIme/sst-web3-boilerplate/frontend/hooks/useEncryption.ts op=WRITE
time=2025-03-01T03:54:17.284-07:00 level=INFO msg="waiting for trigger" service=deployer
time=2025-03-01T03:54:17.284-07:00 level=INFO msg="checking if code needs to be rebuilt" service=aws.function file=/home/thegnome/cryptoTIme/sst-web3-boilerplate/frontend/hooks/useEncryption.ts
time=2025-03-01T03:54:23.888-07:00 level=INFO msg="file event" service=watcher path=/home/thegnome/cryptoTIme/sst-web3-boilerplate/frontend/hooks/useEncryption.ts op=WRITE
time=2025-03-01T03:54:23.888-07:00 level=INFO msg="waiting for trigger" service=deployer
time=2025-03-01T03:54:23.888-07:00 level=INFO msg="checking if code needs to be rebuilt" service=aws.function file=/home/thegnome/cryptoTIme/sst-web3-boilerplate/frontend/hooks/useEncryption.ts
time=2025-03-01T03:54:23.888-07:00 level=INFO msg="file event" service=watcher path=/home/thegnome/cryptoTIme/sst-web3-boilerplate/frontend/hooks/useEncryption.ts op=WRITE
time=2025-03-01T03:54:26.212-07:00 level=INFO msg="file event" service=watcher path=/home/thegnome/cryptoTIme/sst-web3-boilerplate/frontend/hooks/useEncryption.ts op=WRITE
time=2025-03-01T03:54:26.212-07:00 level=INFO msg="waiting for trigger" service=deployer
time=2025-03-01T03:54:26.212-07:00 level=INFO msg="file event" service=watcher path=/home/thegnome/cryptoTIme/sst-web3-boilerplate/frontend/hooks/useEncryption.ts op=WRITE
time=2025-03-01T03:54:26.212-07:00 level=INFO msg="checking if code needs to be rebuilt" service=aws.function file=/home/thegnome/cryptoTIme/sst-web3-boilerplate/frontend/hooks/useEncryption.ts
time=2025-03-01T03:54:36.804-07:00 level=INFO msg="file event" service=watcher path=/home/thegnome/cryptoTIme/sst-web3-boilerplate/frontend/hooks/useEncryption.ts op=WRITE
time=2025-03-01T03:54:36.804-07:00 level=INFO msg="waiting for trigger" service=deployer
time=2025-03-01T03:54:36.804-07:00 level=INFO msg="checking if code needs to be rebuilt" service=aws.function file=/home/thegnome/cryptoTIme/sst-web3-boilerplate/frontend/hooks/useEncryption.ts
time=2025-03-01T03:54:36.804-07:00 level=INFO msg="file event" service=watcher path=/home/thegnome/cryptoTIme/sst-web3-boilerplate/frontend/hooks/useEncryption.ts op=WRITE
time=2025-03-01T03:54:43.996-07:00 level=INFO msg="file event" service=watcher path=/home/thegnome/cryptoTIme/sst-web3-boilerplate/frontend/app/market-summary/page.tsx op=WRITE
time=2025-03-01T03:54:43.996-07:00 level=INFO msg="waiting for trigger" service=deployer
time=2025-03-01T03:54:43.996-07:00 level=INFO msg="checking if code needs to be rebuilt" service=aws.function file=/home/thegnome/cryptoTIme/sst-web3-boilerplate/frontend/app/market-summary/page.tsx
time=2025-03-01T03:54:43.996-07:00 level=INFO msg="file event" service=watcher path=/home/thegnome/cryptoTIme/sst-web3-boilerplate/frontend/app/market-summary/page.tsx op=WRITE
time=2025-03-01T03:54:45.704-07:00 level=INFO msg=resize
time=2025-03-01T03:54:47.548-07:00 level=INFO msg="file event" service=watcher path=/home/thegnome/cryptoTIme/sst-web3-boilerplate/frontend/app/market-summary/page.tsx op=WRITE
time=2025-03-01T03:54:47.548-07:00 level=INFO msg="waiting for trigger" service=deployer
time=2025-03-01T03:54:47.548-07:00 level=INFO msg="checking if code needs to be rebuilt" service=aws.function file=/home/thegnome/cryptoTIme/sst-web3-boilerplate/frontend/app/market-summary/page.tsx
time=2025-03-01T03:54:47.548-07:00 level=INFO msg="file event" service=watcher path=/home/thegnome/cryptoTIme/sst-web3-boilerplate/frontend/app/market-summary/page.tsx op=WRITE
time=2025-03-01T03:54:52.360-07:00 level=INFO msg="file event" service=watcher path=/home/thegnome/cryptoTIme/sst-web3-boilerplate/frontend/app/market-summary/page.tsx op=WRITE
time=2025-03-01T03:54:52.360-07:00 level=INFO msg="waiting for trigger" service=deployer
time=2025-03-01T03:54:52.360-07:00 level=INFO msg="checking if code needs to be rebuilt" service=aws.function file=/home/thegnome/cryptoTIme/sst-web3-boilerplate/frontend/app/market-summary/page.tsx
time=2025-03-01T03:54:52.360-07:00 level=INFO msg="file event" service=watcher path=/home/thegnome/cryptoTIme/sst-web3-boilerplate/frontend/app/market-summary/page.tsx op=WRITE
time=2025-03-01T03:54:53.431-07:00 level=INFO msg="file event" service=watcher path=/home/thegnome/cryptoTIme/sst-web3-boilerplate/frontend/app/market-summary/page.tsx op=WRITE
time=2025-03-01T03:54:53.431-07:00 level=INFO msg="waiting for trigger" service=deployer
time=2025-03-01T03:54:53.431-07:00 level=INFO msg="checking if code needs to be rebuilt" service=aws.function file=/home/thegnome/cryptoTIme/sst-web3-boilerplate/frontend/app/market-summary/page.tsx
time=2025-03-01T03:54:53.431-07:00 level=INFO msg="file event" service=watcher path=/home/thegnome/cryptoTIme/sst-web3-boilerplate/frontend/app/market-summary/page.tsx op=WRITE
time=2025-03-01T03:54:58.125-07:00 level=INFO msg="file event" service=watcher path=/home/thegnome/cryptoTIme/sst-web3-boilerplate/frontend/app/market-summary/page.tsx op=WRITE
time=2025-03-01T03:54:58.126-07:00 level=INFO msg="waiting for trigger" service=deployer
time=2025-03-01T03:54:58.126-07:00 level=INFO msg="checking if code needs to be rebuilt" service=aws.function file=/home/thegnome/cryptoTIme/sst-web3-boilerplate/frontend/app/market-summary/page.tsx
time=2025-03-01T03:54:58.126-07:00 level=INFO msg="file event" service=watcher path=/home/thegnome/cryptoTIme/sst-web3-boilerplate/frontend/app/market-summary/page.tsx op=WRITE
time=2025-03-01T03:54:59.990-07:00 level=INFO msg="file event" service=watcher path=/home/thegnome/cryptoTIme/sst-web3-boilerplate/frontend/app/market-summary/page.tsx op=WRITE
time=2025-03-01T03:54:59.990-07:00 level=INFO msg="waiting for trigger" service=deployer
time=2025-03-01T03:54:59.990-07:00 level=INFO msg="checking if code needs to be rebuilt" service=aws.function file=/home/thegnome/cryptoTIme/sst-web3-boilerplate/frontend/app/market-summary/page.tsx
time=2025-03-01T03:54:59.990-07:00 level=INFO msg="file event" service=watcher path=/home/thegnome/cryptoTIme/sst-web3-boilerplate/frontend/app/market-summary/page.tsx op=WRITE
time=2025-03-01T03:55:10.260-07:00 level=INFO msg="INFO msg service=appsync.connection type=ka id=<nil>"
time=2025-03-01T03:55:35.220-07:00 level=INFO msg="file event" service=watcher path=/home/thegnome/cryptoTIme/sst-web3-boilerplate/frontend/hooks/useMarketCreation.ts op=WRITE
time=2025-03-01T03:55:35.220-07:00 level=INFO msg="waiting for trigger" service=deployer
time=2025-03-01T03:55:35.220-07:00 level=INFO msg="checking if code needs to be rebuilt" service=aws.function file=/home/thegnome/cryptoTIme/sst-web3-boilerplate/frontend/hooks/useMarketCreation.ts
time=2025-03-01T03:55:35.220-07:00 level=INFO msg="file event" service=watcher path=/home/thegnome/cryptoTIme/sst-web3-boilerplate/frontend/hooks/useMarketCreation.ts op=WRITE
time=2025-03-01T03:56:10.260-07:00 level=INFO msg="INFO msg service=appsync.connection type=ka id=<nil>"
time=2025-03-01T03:57:10.260-07:00 level=INFO msg="INFO msg service=appsync.connection type=ka id=<nil>"
time=2025-03-01T03:58:10.261-07:00 level=INFO msg="INFO msg service=appsync.connection type=ka id=<nil>"
time=2025-03-01T03:59:10.260-07:00 level=INFO msg="INFO msg service=appsync.connection type=ka id=<nil>"
time=2025-03-01T03:59:33.872-07:00 level=INFO msg="file event" service=watcher path=/home/thegnome/cryptoTIme/sst-web3-boilerplate/frontend/hooks/useEncryption.ts op=WRITE
time=2025-03-01T03:59:33.872-07:00 level=INFO msg="waiting for trigger" service=deployer
time=2025-03-01T03:59:33.872-07:00 level=INFO msg="checking if code needs to be rebuilt" service=aws.function file=/home/thegnome/cryptoTIme/sst-web3-boilerplate/frontend/hooks/useEncryption.ts
time=2025-03-01T03:59:33.872-07:00 level=INFO msg="file event" service=watcher path=/home/thegnome/cryptoTIme/sst-web3-boilerplate/frontend/hooks/useEncryption.ts op=WRITE
time=2025-03-01T03:59:51.086-07:00 level=INFO msg="file event" service=watcher path=/home/thegnome/cryptoTIme/sst-web3-boilerplate/frontend/hooks/useEncryption.ts op=WRITE
time=2025-03-01T03:59:51.086-07:00 level=INFO msg="waiting for trigger" service=deployer
time=2025-03-01T03:59:51.086-07:00 level=INFO msg="checking if code needs to be rebuilt" service=aws.function file=/home/thegnome/cryptoTIme/sst-web3-boilerplate/frontend/hooks/useEncryption.ts
time=2025-03-01T03:59:51.086-07:00 level=INFO msg="file event" service=watcher path=/home/thegnome/cryptoTIme/sst-web3-boilerplate/frontend/hooks/useEncryption.ts op=WRITE
time=2025-03-01T03:59:58.925-07:00 level=INFO msg="file event" service=watcher path=/home/thegnome/cryptoTIme/sst-web3-boilerplate/frontend/hooks/useEncryption.ts op=WRITE
time=2025-03-01T03:59:58.925-07:00 level=INFO msg="waiting for trigger" service=deployer
time=2025-03-01T03:59:58.925-07:00 level=INFO msg="checking if code needs to be rebuilt" service=aws.function file=/home/thegnome/cryptoTIme/sst-web3-boilerplate/frontend/hooks/useEncryption.ts
time=2025-03-01T03:59:58.925-07:00 level=INFO msg="file event" service=watcher path=/home/thegnome/cryptoTIme/sst-web3-boilerplate/frontend/hooks/useEncryption.ts op=WRITE
time=2025-03-01T04:00:02.336-07:00 level=INFO msg="file event" service=watcher path=/home/thegnome/cryptoTIme/sst-web3-boilerplate/frontend/hooks/useEncryption.ts op=WRITE
time=2025-03-01T04:00:02.336-07:00 level=INFO msg="waiting for trigger" service=deployer
time=2025-03-01T04:00:02.336-07:00 level=INFO msg="file event" service=watcher path=/home/thegnome/cryptoTIme/sst-web3-boilerplate/frontend/hooks/useEncryption.ts op=WRITE
time=2025-03-01T04:00:02.336-07:00 level=INFO msg="checking if code needs to be rebuilt" service=aws.function file=/home/thegnome/cryptoTIme/sst-web3-boilerplate/frontend/hooks/useEncryption.ts
time=2025-03-01T04:00:08.711-07:00 level=INFO msg="file event" service=watcher path=/home/thegnome/cryptoTIme/sst-web3-boilerplate/frontend/hooks/useEncryption.ts op=WRITE
time=2025-03-01T04:00:08.711-07:00 level=INFO msg="waiting for trigger" service=deployer
time=2025-03-01T04:00:08.711-07:00 level=INFO msg="checking if code needs to be rebuilt" service=aws.function file=/home/thegnome/cryptoTIme/sst-web3-boilerplate/frontend/hooks/useEncryption.ts
time=2025-03-01T04:00:08.712-07:00 level=INFO msg="file event" service=watcher path=/home/thegnome/cryptoTIme/sst-web3-boilerplate/frontend/hooks/useEncryption.ts op=WRITE
time=2025-03-01T04:00:10.260-07:00 level=INFO msg="INFO msg service=appsync.connection type=ka id=<nil>"
time=2025-03-01T04:00:17.224-07:00 level=INFO msg="file event" service=watcher path=/home/thegnome/cryptoTIme/sst-web3-boilerplate/frontend/hooks/useEncryption.ts op=WRITE
time=2025-03-01T04:00:17.224-07:00 level=INFO msg="waiting for trigger" service=deployer
time=2025-03-01T04:00:17.224-07:00 level=INFO msg="file event" service=watcher path=/home/thegnome/cryptoTIme/sst-web3-boilerplate/frontend/hooks/useEncryption.ts op=WRITE
time=2025-03-01T04:00:17.224-07:00 level=INFO msg="checking if code needs to be rebuilt" service=aws.function file=/home/thegnome/cryptoTIme/sst-web3-boilerplate/frontend/hooks/useEncryption.ts
time=2025-03-01T04:00:20.382-07:00 level=INFO msg="file event" service=watcher path=/home/thegnome/cryptoTIme/sst-web3-boilerplate/frontend/hooks/useEncryption.ts op=WRITE
time=2025-03-01T04:00:20.382-07:00 level=INFO msg="waiting for trigger" service=deployer
time=2025-03-01T04:00:20.382-07:00 level=INFO msg="checking if code needs to be rebuilt" service=aws.function file=/home/thegnome/cryptoTIme/sst-web3-boilerplate/frontend/hooks/useEncryption.ts
time=2025-03-01T04:00:20.382-07:00 level=INFO msg="file event" service=watcher path=/home/thegnome/cryptoTIme/sst-web3-boilerplate/frontend/hooks/useEncryption.ts op=WRITE
time=2025-03-01T04:00:28.948-07:00 level=INFO msg="file event" service=watcher path=/home/thegnome/cryptoTIme/sst-web3-boilerplate/frontend/hooks/useEncryption.ts op=WRITE
time=2025-03-01T04:00:28.948-07:00 level=INFO msg="file event" service=watcher path=/home/thegnome/cryptoTIme/sst-web3-boilerplate/frontend/hooks/useEncryption.ts op=WRITE
time=2025-03-01T04:00:28.948-07:00 level=INFO msg="waiting for trigger" service=deployer
time=2025-03-01T04:00:28.948-07:00 level=INFO msg="checking if code needs to be rebuilt" service=aws.function file=/home/thegnome/cryptoTIme/sst-web3-boilerplate/frontend/hooks/useEncryption.ts
time=2025-03-01T04:00:33.197-07:00 level=INFO msg="file event" service=watcher path=/home/thegnome/cryptoTIme/sst-web3-boilerplate/frontend/hooks/useEncryption.ts op=WRITE
time=2025-03-01T04:00:33.197-07:00 level=INFO msg="waiting for trigger" service=deployer
time=2025-03-01T04:00:33.197-07:00 level=INFO msg="checking if code needs to be rebuilt" service=aws.function file=/home/thegnome/cryptoTIme/sst-web3-boilerplate/frontend/hooks/useEncryption.ts
time=2025-03-01T04:00:33.197-07:00 level=INFO msg="file event" service=watcher path=/home/thegnome/cryptoTIme/sst-web3-boilerplate/frontend/hooks/useEncryption.ts op=WRITE
time=2025-03-01T04:01:10.261-07:00 level=INFO msg="INFO msg service=appsync.connection type=ka id=<nil>"
time=2025-03-01T04:02:04.875-07:00 level=INFO msg="file event" service=watcher path=/home/thegnome/cryptoTIme/sst-web3-boilerplate/frontend/hooks/useMarketCreation.ts op=WRITE
time=2025-03-01T04:02:04.875-07:00 level=INFO msg="file event" service=watcher path=/home/thegnome/cryptoTIme/sst-web3-boilerplate/frontend/hooks/useMarketCreation.ts op=WRITE
time=2025-03-01T04:02:04.875-07:00 level=INFO msg="waiting for trigger" service=deployer
time=2025-03-01T04:02:04.875-07:00 level=INFO msg="checking if code needs to be rebuilt" service=aws.function file=/home/thegnome/cryptoTIme/sst-web3-boilerplate/frontend/hooks/useMarketCreation.ts
time=2025-03-01T04:02:10.260-07:00 level=INFO msg="INFO msg service=appsync.connection type=ka id=<nil>"
time=2025-03-01T04:02:12.295-07:00 level=INFO msg="file event" service=watcher path=/home/thegnome/cryptoTIme/sst-web3-boilerplate/frontend/hooks/useMarketCreation.ts op=WRITE
time=2025-03-01T04:02:12.295-07:00 level=INFO msg="waiting for trigger" service=deployer
time=2025-03-01T04:02:12.295-07:00 level=INFO msg="checking if code needs to be rebuilt" service=aws.function file=/home/thegnome/cryptoTIme/sst-web3-boilerplate/frontend/hooks/useMarketCreation.ts
time=2025-03-01T04:02:14.747-07:00 level=INFO msg="file event" service=watcher path=/home/thegnome/cryptoTIme/sst-web3-boilerplate/frontend/hooks/useMarketCreation.ts op=WRITE
time=2025-03-01T04:02:14.747-07:00 level=INFO msg="waiting for trigger" service=deployer
time=2025-03-01T04:02:14.747-07:00 level=INFO msg="checking if code needs to be rebuilt" service=aws.function file=/home/thegnome/cryptoTIme/sst-web3-boilerplate/frontend/hooks/useMarketCreation.ts
time=2025-03-01T04:02:14.747-07:00 level=INFO msg="file event" service=watcher path=/home/thegnome/cryptoTIme/sst-web3-boilerplate/frontend/hooks/useMarketCreation.ts op=WRITE
time=2025-03-01T04:02:28.243-07:00 level=INFO msg="file event" service=watcher path=/home/thegnome/cryptoTIme/sst-web3-boilerplate/frontend/hooks/useMarketCreation.ts op=WRITE
time=2025-03-01T04:02:28.243-07:00 level=INFO msg="file event" service=watcher path=/home/thegnome/cryptoTIme/sst-web3-boilerplate/frontend/hooks/useMarketCreation.ts op=WRITE
time=2025-03-01T04:02:28.243-07:00 level=INFO msg="waiting for trigger" service=deployer
time=2025-03-01T04:02:28.243-07:00 level=INFO msg="checking if code needs to be rebuilt" service=aws.function file=/home/thegnome/cryptoTIme/sst-web3-boilerplate/frontend/hooks/useMarketCreation.ts
time=2025-03-01T04:02:33.202-07:00 level=INFO msg="file event" service=watcher path=/home/thegnome/cryptoTIme/sst-web3-boilerplate/frontend/hooks/useMarketCreation.ts op=WRITE
time=2025-03-01T04:02:33.202-07:00 level=INFO msg="waiting for trigger" service=deployer
time=2025-03-01T04:02:33.202-07:00 level=INFO msg="checking if code needs to be rebuilt" service=aws.function file=/home/thegnome/cryptoTIme/sst-web3-boilerplate/frontend/hooks/useMarketCreation.ts
time=2025-03-01T04:02:33.203-07:00 level=INFO msg="file event" service=watcher path=/home/thegnome/cryptoTIme/sst-web3-boilerplate/frontend/hooks/useMarketCreation.ts op=WRITE
time=2025-03-01T04:03:10.260-07:00 level=INFO msg="INFO msg service=appsync.connection type=ka id=<nil>"
time=2025-03-01T04:03:15.513-07:00 level=INFO msg="file event" service=watcher path=/home/thegnome/cryptoTIme/sst-web3-boilerplate/frontend/app/market-summary/page.tsx op=WRITE
time=2025-03-01T04:03:15.513-07:00 level=INFO msg="waiting for trigger" service=deployer
time=2025-03-01T04:03:15.513-07:00 level=INFO msg="checking if code needs to be rebuilt" service=aws.function file=/home/thegnome/cryptoTIme/sst-web3-boilerplate/frontend/app/market-summary/page.tsx
time=2025-03-01T04:03:15.513-07:00 level=INFO msg="file event" service=watcher path=/home/thegnome/cryptoTIme/sst-web3-boilerplate/frontend/app/market-summary/page.tsx op=WRITE
time=2025-03-01T04:03:16.909-07:00 level=INFO msg="file event" service=watcher path=/home/thegnome/cryptoTIme/sst-web3-boilerplate/frontend/app/market-summary/page.tsx op=WRITE
time=2025-03-01T04:03:16.909-07:00 level=INFO msg="waiting for trigger" service=deployer
time=2025-03-01T04:03:16.909-07:00 level=INFO msg="checking if code needs to be rebuilt" service=aws.function file=/home/thegnome/cryptoTIme/sst-web3-boilerplate/frontend/app/market-summary/page.tsx
time=2025-03-01T04:03:16.909-07:00 level=INFO msg="file event" service=watcher path=/home/thegnome/cryptoTIme/sst-web3-boilerplate/frontend/app/market-summary/page.tsx op=WRITE
time=2025-03-01T04:03:17.573-07:00 level=INFO msg="file event" service=watcher path=/home/thegnome/cryptoTIme/sst-web3-boilerplate/frontend/app/market-summary/page.tsx op=WRITE
time=2025-03-01T04:03:17.573-07:00 level=INFO msg="waiting for trigger" service=deployer
time=2025-03-01T04:03:17.573-07:00 level=INFO msg="checking if code needs to be rebuilt" service=aws.function file=/home/thegnome/cryptoTIme/sst-web3-boilerplate/frontend/app/market-summary/page.tsx
time=2025-03-01T04:03:17.573-07:00 level=INFO msg="file event" service=watcher path=/home/thegnome/cryptoTIme/sst-web3-boilerplate/frontend/app/market-summary/page.tsx op=WRITE
time=2025-03-01T04:03:32.113-07:00 level=INFO msg="file event" service=watcher path=/home/thegnome/cryptoTIme/sst-web3-boilerplate/frontend/app/market-summary/page.tsx op=WRITE
time=2025-03-01T04:03:32.113-07:00 level=INFO msg="waiting for trigger" service=deployer
time=2025-03-01T04:03:32.113-07:00 level=INFO msg="checking if code needs to be rebuilt" service=aws.function file=/home/thegnome/cryptoTIme/sst-web3-boilerplate/frontend/app/market-summary/page.tsx
time=2025-03-01T04:03:32.113-07:00 level=INFO msg="file event" service=watcher path=/home/thegnome/cryptoTIme/sst-web3-boilerplate/frontend/app/market-summary/page.tsx op=WRITE
time=2025-03-01T04:03:38.253-07:00 level=INFO msg="file event" service=watcher path=/home/thegnome/cryptoTIme/sst-web3-boilerplate/frontend/hooks/useMarketCreation.ts op=WRITE
time=2025-03-01T04:03:38.253-07:00 level=INFO msg="waiting for trigger" service=deployer
time=2025-03-01T04:03:38.253-07:00 level=INFO msg="checking if code needs to be rebuilt" service=aws.function file=/home/thegnome/cryptoTIme/sst-web3-boilerplate/frontend/hooks/useMarketCreation.ts
time=2025-03-01T04:03:38.253-07:00 level=INFO msg="file event" service=watcher path=/home/thegnome/cryptoTIme/sst-web3-boilerplate/frontend/hooks/useMarketCreation.ts op=WRITE
time=2025-03-01T04:03:40.773-07:00 level=INFO msg="file event" service=watcher path=/home/thegnome/cryptoTIme/sst-web3-boilerplate/frontend/hooks/useMarketCreation.ts op=WRITE
time=2025-03-01T04:03:40.774-07:00 level=INFO msg="checking if code needs to be rebuilt" service=aws.function file=/home/thegnome/cryptoTIme/sst-web3-boilerplate/frontend/hooks/useMarketCreation.ts
time=2025-03-01T04:03:40.774-07:00 level=INFO msg="waiting for trigger" service=deployer
time=2025-03-01T04:03:40.774-07:00 level=INFO msg="file event" service=watcher path=/home/thegnome/cryptoTIme/sst-web3-boilerplate/frontend/hooks/useMarketCreation.ts op=WRITE
time=2025-03-01T04:03:42.713-07:00 level=INFO msg="file event" service=watcher path=/home/thegnome/cryptoTIme/sst-web3-boilerplate/frontend/hooks/useMarketCreation.ts op=WRITE
time=2025-03-01T04:03:42.713-07:00 level=INFO msg="waiting for trigger" service=deployer
time=2025-03-01T04:03:42.713-07:00 level=INFO msg="checking if code needs to be rebuilt" service=aws.function file=/home/thegnome/cryptoTIme/sst-web3-boilerplate/frontend/hooks/useMarketCreation.ts
time=2025-03-01T04:03:42.713-07:00 level=INFO msg="file event" service=watcher path=/home/thegnome/cryptoTIme/sst-web3-boilerplate/frontend/hooks/useMarketCreation.ts op=WRITE
time=2025-03-01T04:03:56.063-07:00 level=INFO msg="file event" service=watcher path=/home/thegnome/cryptoTIme/sst-web3-boilerplate/frontend/app/market-summary/page.tsx op=WRITE
time=2025-03-01T04:03:56.063-07:00 level=INFO msg="checking if code needs to be rebuilt" service=aws.function file=/home/thegnome/cryptoTIme/sst-web3-boilerplate/frontend/app/market-summary/page.tsx
time=2025-03-01T04:03:56.063-07:00 level=INFO msg="file event" service=watcher path=/home/thegnome/cryptoTIme/sst-web3-boilerplate/frontend/app/market-summary/page.tsx op=WRITE
time=2025-03-01T04:03:56.063-07:00 level=INFO msg="waiting for trigger" service=deployer
time=2025-03-01T04:04:10.261-07:00 level=INFO msg="INFO msg service=appsync.connection type=ka id=<nil>"
time=2025-03-01T04:04:19.559-07:00 level=INFO msg="file event" service=watcher path=/home/thegnome/cryptoTIme/sst-web3-boilerplate/frontend/wagmi.config.ts op=WRITE
time=2025-03-01T04:04:19.560-07:00 level=INFO msg="waiting for trigger" service=deployer
time=2025-03-01T04:04:19.560-07:00 level=INFO msg="checking if code needs to be rebuilt" service=aws.function file=/home/thegnome/cryptoTIme/sst-web3-boilerplate/frontend/wagmi.config.ts
time=2025-03-01T04:04:19.560-07:00 level=INFO msg="file event" service=watcher path=/home/thegnome/cryptoTIme/sst-web3-boilerplate/frontend/wagmi.config.ts op=WRITE
time=2025-03-01T04:04:42.751-07:00 level=INFO msg="file event" service=watcher path=/home/thegnome/cryptoTIme/sst-web3-boilerplate/frontend/hooks/useMarketCreation.ts op=WRITE
time=2025-03-01T04:04:42.751-07:00 level=INFO msg="waiting for trigger" service=deployer
time=2025-03-01T04:04:42.751-07:00 level=INFO msg="checking if code needs to be rebuilt" service=aws.function file=/home/thegnome/cryptoTIme/sst-web3-boilerplate/frontend/hooks/useMarketCreation.ts
time=2025-03-01T04:04:42.751-07:00 level=INFO msg="file event" service=watcher path=/home/thegnome/cryptoTIme/sst-web3-boilerplate/frontend/hooks/useMarketCreation.ts op=WRITE
time=2025-03-01T04:04:53.194-07:00 level=INFO msg="file event" service=watcher path=/home/thegnome/cryptoTIme/sst-web3-boilerplate/frontend/hooks/useMarketCreation.ts op=WRITE
time=2025-03-01T04:04:53.194-07:00 level=INFO msg="waiting for trigger" service=deployer
time=2025-03-01T04:04:53.194-07:00 level=INFO msg="checking if code needs to be rebuilt" service=aws.function file=/home/thegnome/cryptoTIme/sst-web3-boilerplate/frontend/hooks/useMarketCreation.ts
time=2025-03-01T04:04:53.194-07:00 level=INFO msg="file event" service=watcher path=/home/thegnome/cryptoTIme/sst-web3-boilerplate/frontend/hooks/useMarketCreation.ts op=WRITE
time=2025-03-01T04:04:56.430-07:00 level=INFO msg=resize
time=2025-03-01T04:05:10.260-07:00 level=INFO msg="INFO msg service=appsync.connection type=ka id=<nil>"
time=2025-03-01T04:06:10.261-07:00 level=INFO msg="INFO msg service=appsync.connection type=ka id=<nil>"
time=2025-03-01T04:07:08.324-07:00 level=INFO msg="file event" service=watcher path=/home/thegnome/cryptoTIme/sst-web3-boilerplate/frontend/hooks/useEncryption.ts op=WRITE
time=2025-03-01T04:07:08.325-07:00 level=INFO msg="waiting for trigger" service=deployer
time=2025-03-01T04:07:08.325-07:00 level=INFO msg="checking if code needs to be rebuilt" service=aws.function file=/home/thegnome/cryptoTIme/sst-web3-boilerplate/frontend/hooks/useEncryption.ts
time=2025-03-01T04:07:08.325-07:00 level=INFO msg="file event" service=watcher path=/home/thegnome/cryptoTIme/sst-web3-boilerplate/frontend/hooks/useEncryption.ts op=WRITE
time=2025-03-01T04:07:10.261-07:00 level=INFO msg="INFO msg service=appsync.connection type=ka id=<nil>"
time=2025-03-01T04:07:18.734-07:00 level=INFO msg="file event" service=watcher path=/home/thegnome/cryptoTIme/sst-web3-boilerplate/frontend/hooks/useEncryption.ts op=WRITE
time=2025-03-01T04:07:18.734-07:00 level=INFO msg="waiting for trigger" service=deployer
time=2025-03-01T04:07:18.734-07:00 level=INFO msg="checking if code needs to be rebuilt" service=aws.function file=/home/thegnome/cryptoTIme/sst-web3-boilerplate/frontend/hooks/useEncryption.ts
time=2025-03-01T04:07:18.734-07:00 level=INFO msg="file event" service=watcher path=/home/thegnome/cryptoTIme/sst-web3-boilerplate/frontend/hooks/useEncryption.ts op=WRITE
time=2025-03-01T04:08:10.261-07:00 level=INFO msg="INFO msg service=appsync.connection type=ka id=<nil>"
time=2025-03-01T04:09:10.042-07:00 level=INFO msg="file event" service=watcher path=/home/thegnome/cryptoTIme/sst-web3-boilerplate/frontend/app/market-summary/page.tsx op=WRITE
time=2025-03-01T04:09:10.042-07:00 level=INFO msg="waiting for trigger" service=deployer
time=2025-03-01T04:09:10.042-07:00 level=INFO msg="checking if code needs to be rebuilt" service=aws.function file=/home/thegnome/cryptoTIme/sst-web3-boilerplate/frontend/app/market-summary/page.tsx
time=2025-03-01T04:09:10.042-07:00 level=INFO msg="file event" service=watcher path=/home/thegnome/cryptoTIme/sst-web3-boilerplate/frontend/app/market-summary/page.tsx op=WRITE
time=2025-03-01T04:09:10.261-07:00 level=INFO msg="INFO msg service=appsync.connection type=ka id=<nil>"
time=2025-03-01T04:09:11.755-07:00 level=INFO msg="file event" service=watcher path=/home/thegnome/cryptoTIme/sst-web3-boilerplate/frontend/app/market-summary/page.tsx op=WRITE
time=2025-03-01T04:09:11.755-07:00 level=INFO msg="waiting for trigger" service=deployer
time=2025-03-01T04:09:11.755-07:00 level=INFO msg="checking if code needs to be rebuilt" service=aws.function file=/home/thegnome/cryptoTIme/sst-web3-boilerplate/frontend/app/market-summary/page.tsx
time=2025-03-01T04:09:11.755-07:00 level=INFO msg="file event" service=watcher path=/home/thegnome/cryptoTIme/sst-web3-boilerplate/frontend/app/market-summary/page.tsx op=WRITE
time=2025-03-01T04:10:10.261-07:00 level=INFO msg="INFO msg service=appsync.connection type=ka id=<nil>"
time=2025-03-01T04:11:10.262-07:00 level=INFO msg="INFO msg service=appsync.connection type=ka id=<nil>"
time=2025-03-01T04:12:10.262-07:00 level=INFO msg="INFO msg service=appsync.connection type=ka id=<nil>"
time=2025-03-01T04:13:10.262-07:00 level=INFO msg="INFO msg service=appsync.connection type=ka id=<nil>"
time=2025-03-01T04:14:10.262-07:00 level=INFO msg="INFO msg service=appsync.connection type=ka id=<nil>"
time=2025-03-01T04:15:10.263-07:00 level=INFO msg="INFO msg service=appsync.connection type=ka id=<nil>"
time=2025-03-01T04:16:10.262-07:00 level=INFO msg="INFO msg service=appsync.connection type=ka id=<nil>"
time=2025-03-01T04:17:10.262-07:00 level=INFO msg="INFO msg service=appsync.connection type=ka id=<nil>"
time=2025-03-01T04:18:10.262-07:00 level=INFO msg="INFO msg service=appsync.connection type=ka id=<nil>"
time=2025-03-01T04:18:40.220-07:00 level=INFO msg="file event" service=watcher path=/home/thegnome/cryptoTIme/sst-web3-boilerplate/frontend/app/market-summary/page.tsx op=WRITE
time=2025-03-01T04:18:40.220-07:00 level=INFO msg="waiting for trigger" service=deployer
time=2025-03-01T04:18:40.220-07:00 level=INFO msg="checking if code needs to be rebuilt" service=aws.function file=/home/thegnome/cryptoTIme/sst-web3-boilerplate/frontend/app/market-summary/page.tsx
time=2025-03-01T04:18:40.220-07:00 level=INFO msg="file event" service=watcher path=/home/thegnome/cryptoTIme/sst-web3-boilerplate/frontend/app/market-summary/page.tsx op=WRITE
time=2025-03-01T04:18:41.358-07:00 level=INFO msg="file event" service=watcher path=/home/thegnome/cryptoTIme/sst-web3-boilerplate/frontend/app/market-summary/page.tsx op=WRITE
time=2025-03-01T04:18:41.359-07:00 level=INFO msg="waiting for trigger" service=deployer
time=2025-03-01T04:18:41.359-07:00 level=INFO msg="checking if code needs to be rebuilt" service=aws.function file=/home/thegnome/cryptoTIme/sst-web3-boilerplate/frontend/app/market-summary/page.tsx
time=2025-03-01T04:18:41.359-07:00 level=INFO msg="file event" service=watcher path=/home/thegnome/cryptoTIme/sst-web3-boilerplate/frontend/app/market-summary/page.tsx op=WRITE
time=2025-03-01T04:19:10.263-07:00 level=INFO msg="INFO msg service=appsync.connection type=ka id=<nil>"
time=2025-03-01T04:20:10.262-07:00 level=INFO msg="INFO msg service=appsync.connection type=ka id=<nil>"
time=2025-03-01T04:21:10.262-07:00 level=INFO msg="INFO msg service=appsync.connection type=ka id=<nil>"
time=2025-03-01T04:22:10.263-07:00 level=INFO msg="INFO msg service=appsync.connection type=ka id=<nil>"
time=2025-03-01T04:23:10.263-07:00 level=INFO msg="INFO msg service=appsync.connection type=ka id=<nil>"
time=2025-03-01T04:23:20.667-07:00 level=INFO msg="matching dev" service=dev full=/home/thegnome/cryptoTIme/sst-web3-boilerplate/frontend directory=""
time=2025-03-01T04:23:20.667-07:00 level=INFO msg="loading aws credentials" service=project.env resource=Frontend role=arn:aws:iam::767397930251:role/sst-web3-boilerplate-thegnome-FrontendDevServerRole-wsdouaho
time=2025-03-01T04:23:20.913-07:00 level=ERROR msg="failed to load aws credentials" service=project.env resource=Frontend err=<nil>
time=2025-03-01T04:23:20.913-07:00 level=INFO msg=dev service=project.env resource=Frontend links=[REOWN_PROJECT_ID]
time=2025-03-01T04:24:10.263-07:00 level=INFO msg="INFO msg service=appsync.connection type=ka id=<nil>"
time=2025-03-01T04:25:10.263-07:00 level=INFO msg="INFO msg service=appsync.connection type=ka id=<nil>"
time=2025-03-01T04:26:10.264-07:00 level=INFO msg="INFO msg service=appsync.connection type=ka id=<nil>"
time=2025-03-01T04:27:10.264-07:00 level=INFO msg="INFO msg service=appsync.connection type=ka id=<nil>"
time=2025-03-01T04:28:10.263-07:00 level=INFO msg="INFO msg service=appsync.connection type=ka id=<nil>"
time=2025-03-01T04:29:10.269-07:00 level=INFO msg="INFO msg service=appsync.connection type=ka id=<nil>"
time=2025-03-01T04:30:10.264-07:00 level=INFO msg="INFO msg service=appsync.connection type=ka id=<nil>"
time=2025-03-01T04:31:10.264-07:00 level=INFO msg="INFO msg service=appsync.connection type=ka id=<nil>"
time=2025-03-01T04:32:10.264-07:00 level=INFO msg="INFO msg service=appsync.connection type=ka id=<nil>"
time=2025-03-01T04:33:10.264-07:00 level=INFO msg="INFO msg service=appsync.connection type=ka id=<nil>"
time=2025-03-01T04:34:10.263-07:00 level=INFO msg="INFO msg service=appsync.connection type=ka id=<nil>"
time=2025-03-01T04:35:10.757-07:00 level=INFO msg="INFO msg service=appsync.connection type=ka id=<nil>"
time=2025-03-01T04:36:10.265-07:00 level=INFO msg="INFO msg service=appsync.connection type=ka id=<nil>"
time=2025-03-01T04:37:10.265-07:00 level=INFO msg="INFO msg service=appsync.connection type=ka id=<nil>"
time=2025-03-01T04:38:10.265-07:00 level=INFO msg="INFO msg service=appsync.connection type=ka id=<nil>"
time=2025-03-01T04:39:10.265-07:00 level=INFO msg="INFO msg service=appsync.connection type=ka id=<nil>"
